Flow report for CODER_MULT_4_2C
Wed Feb 21 10:18:31 2024
Quartus Prime Version 18.1.0 Build 625 09/12/2018 SJ Lite Edition


---------------------
; Table of Contents ;
---------------------
  1. Legal Notice
  2. Flow Summary
  3. Flow Settings
  4. Flow Non-Default Global Settings
  5. Flow Elapsed Time
  6. Flow OS Summary
  7. Flow Log
  8. Flow Messages
  9. Flow Suppressed Messages



----------------
; Legal Notice ;
----------------
Copyright (C) 2018  Intel Corporation. All rights reserved.
Your use of Intel Corporation's design tools, logic functions 
and other software and tools, and its AMPP partner logic 
functions, and any output files from any of the foregoing 
(including device programming or simulation files), and any 
associated documentation or information are expressly subject 
to the terms and conditions of the Intel Program License 
Subscription Agreement, the Intel Quartus Prime License Agreement,
the Intel FPGA IP License Agreement, or other applicable license
agreement, including, without limitation, that your use is for
the sole purpose of programming logic devices manufactured by
Intel and sold by Intel or its authorized distributors.  Please
refer to the applicable agreement for further details.



+----------------------------------------------------------------------------------+
; Flow Summary                                                                     ;
+------------------------------------+---------------------------------------------+
; Flow Status                        ; Successful - Wed Feb 21 10:18:31 2024       ;
; Quartus Prime Version              ; 18.1.0 Build 625 09/12/2018 SJ Lite Edition ;
; Revision Name                      ; CODER_MULT_4_2C                             ;
; Top-level Entity Name              ; CODER_MULT_4_2C                             ;
; Family                             ; MAX 10                                      ;
; Device                             ; 10M08DAF484C8G                              ;
; Timing Models                      ; Final                                       ;
; Total logic elements               ; 17 / 8,064 ( < 1 % )                        ;
;     Total combinational functions  ; 17 / 8,064 ( < 1 % )                        ;
;     Dedicated logic registers      ; 0 / 8,064 ( 0 % )                           ;
; Total registers                    ; 0                                           ;
; Total pins                         ; 24 / 250 ( 10 % )                           ;
; Total virtual pins                 ; 0                                           ;
; Total memory bits                  ; 0 / 387,072 ( 0 % )                         ;
; Embedded Multiplier 9-bit elements ; 0 / 48 ( 0 % )                              ;
; Total PLLs                         ; 0 / 2 ( 0 % )                               ;
; UFM blocks                         ; 0 / 1 ( 0 % )                               ;
; ADC blocks                         ; 0 / 1 ( 0 % )                               ;
+------------------------------------+---------------------------------------------+


+-----------------------------------------+
; Flow Settings                           ;
+-------------------+---------------------+
; Option            ; Setting             ;
+-------------------+---------------------+
; Start date & time ; 02/21/2024 10:15:44 ;
; Main task         ; Compilation         ;
; Revision Name     ; CODER_MULT_4_2C     ;
+-------------------+---------------------+


+-------------------------------------------------------------------------------------------------------------------------+
; Flow Non-Default Global Settings                                                                                        ;
+-------------------------------------+----------------------------------------+---------------+-------------+------------+
; Assignment Name                     ; Value                                  ; Default Value ; Entity Name ; Section Id ;
+-------------------------------------+----------------------------------------+---------------+-------------+------------+
; COMPILER_SIGNATURE_ID               ; 96830623131763.170853214316140         ; --            ; --          ; --         ;
; MAX_CORE_JUNCTION_TEMP              ; 85                                     ; --            ; --          ; --         ;
; MIN_CORE_JUNCTION_TEMP              ; 0                                      ; --            ; --          ; --         ;
; PARTITION_COLOR                     ; -- (Not supported for targeted family) ; --            ; --          ; Top        ;
; PARTITION_FITTER_PRESERVATION_LEVEL ; -- (Not supported for targeted family) ; --            ; --          ; Top        ;
; PARTITION_NETLIST_TYPE              ; -- (Not supported for targeted family) ; --            ; --          ; Top        ;
; PROJECT_OUTPUT_DIRECTORY            ; output_files                           ; --            ; --          ; --         ;
+-------------------------------------+----------------------------------------+---------------+-------------+------------+


+--------------------------------------------------------------------------------------------------------------------------+
; Flow Elapsed Time                                                                                                        ;
+----------------------+--------------+-------------------------+---------------------+------------------------------------+
; Module Name          ; Elapsed Time ; Average Processors Used ; Peak Virtual Memory ; Total CPU Time (on all processors) ;
+----------------------+--------------+-------------------------+---------------------+------------------------------------+
; Analysis & Synthesis ; 00:00:27     ; 1.0                     ; 4795 MB             ; 00:00:25                           ;
; Fitter               ; 00:00:19     ; 1.0                     ; 5679 MB             ; 00:00:14                           ;
; Assembler            ; 00:00:02     ; 1.0                     ; 4675 MB             ; 00:00:02                           ;
; Timing Analyzer      ; 00:00:10     ; 1.0                     ; 4804 MB             ; 00:00:09                           ;
; EDA Netlist Writer   ; 00:00:02     ; 1.0                     ; 4625 MB             ; 00:00:02                           ;
; EDA Netlist Writer   ; 00:00:03     ; 1.0                     ; 4634 MB             ; 00:00:02                           ;
; Total                ; 00:01:03     ; --                      ; --                  ; 00:00:54                           ;
+----------------------+--------------+-------------------------+---------------------+------------------------------------+


+------------------------------------------------------------------------------------+
; Flow OS Summary                                                                    ;
+----------------------+------------------+------------+------------+----------------+
; Module Name          ; Machine Hostname ; OS Name    ; OS Version ; Processor type ;
+----------------------+------------------+------------+------------+----------------+
; Analysis & Synthesis ; AVANS            ; Windows 10 ; 10.0       ; x86_64         ;
; Fitter               ; AVANS            ; Windows 10 ; 10.0       ; x86_64         ;
; Assembler            ; AVANS            ; Windows 10 ; 10.0       ; x86_64         ;
; Timing Analyzer      ; AVANS            ; Windows 10 ; 10.0       ; x86_64         ;
; EDA Netlist Writer   ; AVANS            ; Windows 10 ; 10.0       ; x86_64         ;
; EDA Netlist Writer   ; AVANS            ; Windows 10 ; 10.0       ; x86_64         ;
+----------------------+------------------+------------+------------+----------------+


------------
; Flow Log ;
------------
quartus_map --read_settings_files=on --write_settings_files=off CODER_MULT_4_2C -c CODER_MULT_4_2C
quartus_fit --read_settings_files=off --write_settings_files=off CODER_MULT_4_2C -c CODER_MULT_4_2C
quartus_asm --read_settings_files=off --write_settings_files=off CODER_MULT_4_2C -c CODER_MULT_4_2C
quartus_sta CODER_MULT_4_2C -c CODER_MULT_4_2C
quartus_eda --gen_testbench --tool=modelsim_oem --format=vhdl --write_settings_files=off CODER_MULT_4_2C -c CODER_MULT_4_2C --vector_source=C:/Users/abdyv/OneDrive/Documentos/QUARTUS/LogicaComputacional/CODER_MULT_4_2C/CODER_MULT_4_2C.vwf --testbench_file=C:/Users/abdyv/OneDrive/Documentos/QUARTUS/LogicaComputacional/CODER_MULT_4_2C/simulation/qsim/CODER_MULT_4_2C.vwf.vht
quartus_eda --write_settings_files=off --simulation=on --functional=on --flatten_buses=off --tool=modelsim_oem --format=vhdl --output_directory=C:/Users/abdyv/OneDrive/Documentos/QUARTUS/LogicaComputacional/CODER_MULT_4_2C/simulation/qsim/ CODER_MULT_4_2C -c CODER_MULT_4_2C



