Flow report for CONT_24OV
Tue May 28 21:02:09 2024
Quartus Prime Version 18.1.0 Build 625 09/12/2018 SJ Lite Edition


---------------------
; Table of Contents ;
---------------------
  1. Legal Notice
  2. Flow Summary
  3. Flow Settings
  4. Flow Non-Default Global Settings
  5. Flow Elapsed Time
  6. Flow OS Summary
  7. Flow Log
  8. Flow Messages
  9. Flow Suppressed Messages



----------------
; Legal Notice ;
----------------
Copyright (C) 2018  Intel Corporation. All rights reserved.
Your use of Intel Corporation's design tools, logic functions 
and other software and tools, and its AMPP partner logic 
functions, and any output files from any of the foregoing 
(including device programming or simulation files), and any 
associated documentation or information are expressly subject 
to the terms and conditions of the Intel Program License 
Subscription Agreement, the Intel Quartus Prime License Agreement,
the Intel FPGA IP License Agreement, or other applicable license
agreement, including, without limitation, that your use is for
the sole purpose of programming logic devices manufactured by
Intel and sold by Intel or its authorized distributors.  Please
refer to the applicable agreement for further details.



+----------------------------------------------------------------------------------+
; Flow Summary                                                                     ;
+------------------------------------+---------------------------------------------+
; Flow Status                        ; Successful - Tue May 28 21:02:09 2024       ;
; Quartus Prime Version              ; 18.1.0 Build 625 09/12/2018 SJ Lite Edition ;
; Revision Name                      ; CONT_24OV                                   ;
; Top-level Entity Name              ; CONT_24OV                                   ;
; Family                             ; MAX 10                                      ;
; Device                             ; 10M08DAF484C8G                              ;
; Timing Models                      ; Final                                       ;
; Total logic elements               ; 24 / 8,064 ( < 1 % )                        ;
;     Total combinational functions  ; 24 / 8,064 ( < 1 % )                        ;
;     Dedicated logic registers      ; 17 / 8,064 ( < 1 % )                        ;
; Total registers                    ; 17                                          ;
; Total pins                         ; 4 / 250 ( 2 % )                             ;
; Total virtual pins                 ; 0                                           ;
; Total memory bits                  ; 0 / 387,072 ( 0 % )                         ;
; Embedded Multiplier 9-bit elements ; 0 / 48 ( 0 % )                              ;
; Total PLLs                         ; 0 / 2 ( 0 % )                               ;
; UFM blocks                         ; 0 / 1 ( 0 % )                               ;
; ADC blocks                         ; 0 / 1 ( 0 % )                               ;
+------------------------------------+---------------------------------------------+


+-----------------------------------------+
; Flow Settings                           ;
+-------------------+---------------------+
; Option            ; Setting             ;
+-------------------+---------------------+
; Start date & time ; 02/28/2024 12:10:05 ;
; Main task         ; Compilation         ;
; Revision Name     ; CONT_24OV           ;
+-------------------+---------------------+


+-------------------------------------------------------------------------------------------------------------------------+
; Flow Non-Default Global Settings                                                                                        ;
+-------------------------------------+----------------------------------------+---------------+-------------+------------+
; Assignment Name                     ; Value                                  ; Default Value ; Entity Name ; Section Id ;
+-------------------------------------+----------------------------------------+---------------+-------------+------------+
; COMPILER_SIGNATURE_ID               ; 96830623131763.170914380422032         ; --            ; --          ; --         ;
; MAX_CORE_JUNCTION_TEMP              ; 85                                     ; --            ; --          ; --         ;
; MIN_CORE_JUNCTION_TEMP              ; 0                                      ; --            ; --          ; --         ;
; PARTITION_COLOR                     ; -- (Not supported for targeted family) ; --            ; --          ; Top        ;
; PARTITION_FITTER_PRESERVATION_LEVEL ; -- (Not supported for targeted family) ; --            ; --          ; Top        ;
; PARTITION_NETLIST_TYPE              ; -- (Not supported for targeted family) ; --            ; --          ; Top        ;
; POWER_BOARD_THERMAL_MODEL           ; None (CONSERVATIVE)                    ; --            ; --          ; --         ;
; POWER_PRESET_COOLING_SOLUTION       ; 23 MM HEAT SINK WITH 200 LFPM AIRFLOW  ; --            ; --          ; --         ;
; PROJECT_OUTPUT_DIRECTORY            ; output_files                           ; --            ; --          ; --         ;
+-------------------------------------+----------------------------------------+---------------+-------------+------------+


+--------------------------------------------------------------------------------------------------------------------------+
; Flow Elapsed Time                                                                                                        ;
+----------------------+--------------+-------------------------+---------------------+------------------------------------+
; Module Name          ; Elapsed Time ; Average Processors Used ; Peak Virtual Memory ; Total CPU Time (on all processors) ;
+----------------------+--------------+-------------------------+---------------------+------------------------------------+
; Analysis & Synthesis ; 00:00:10     ; 1.0                     ; 4802 MB             ; 00:00:06                           ;
; Fitter               ; 00:00:05     ; 1.0                     ; 5674 MB             ; 00:00:03                           ;
; Assembler            ; 00:00:01     ; 1.0                     ; 4675 MB             ; 00:00:01                           ;
; Timing Analyzer      ; 00:00:02     ; 1.0                     ; 4799 MB             ; 00:00:01                           ;
; EDA Netlist Writer   ; 00:00:01     ; 1.0                     ; 4625 MB             ; 00:00:00                           ;
; EDA Netlist Writer   ; 00:00:01     ; 1.0                     ; 4633 MB             ; 00:00:01                           ;
; EDA Netlist Writer   ; 00:00:01     ; 1.0                     ; 4625 MB             ; 00:00:01                           ;
; EDA Netlist Writer   ; 00:00:01     ; 1.0                     ; 4633 MB             ; 00:00:01                           ;
; EDA Netlist Writer   ; 00:00:01     ; 1.0                     ; 4625 MB             ; 00:00:00                           ;
; EDA Netlist Writer   ; 00:00:00     ; 1.0                     ; 4633 MB             ; 00:00:00                           ;
; Total                ; 00:00:23     ; --                      ; --                  ; 00:00:14                           ;
+----------------------+--------------+-------------------------+---------------------+------------------------------------+


+------------------------------------------------------------------------------------+
; Flow OS Summary                                                                    ;
+----------------------+------------------+------------+------------+----------------+
; Module Name          ; Machine Hostname ; OS Name    ; OS Version ; Processor type ;
+----------------------+------------------+------------+------------+----------------+
; Analysis & Synthesis ; AVANS            ; Windows 10 ; 10.0       ; x86_64         ;
; Fitter               ; AVANS            ; Windows 10 ; 10.0       ; x86_64         ;
; Assembler            ; AVANS            ; Windows 10 ; 10.0       ; x86_64         ;
; Timing Analyzer      ; AVANS            ; Windows 10 ; 10.0       ; x86_64         ;
; EDA Netlist Writer   ; AVANS            ; Windows 10 ; 10.0       ; x86_64         ;
; EDA Netlist Writer   ; AVANS            ; Windows 10 ; 10.0       ; x86_64         ;
; EDA Netlist Writer   ; AVANS            ; Windows 10 ; 10.0       ; x86_64         ;
; EDA Netlist Writer   ; AVANS            ; Windows 10 ; 10.0       ; x86_64         ;
; EDA Netlist Writer   ; AVANS            ; Windows 10 ; 10.0       ; x86_64         ;
; EDA Netlist Writer   ; AVANS            ; Windows 10 ; 10.0       ; x86_64         ;
+----------------------+------------------+------------+------------+----------------+


------------
; Flow Log ;
------------
quartus_map --read_settings_files=on --write_settings_files=off CONT_24OV -c CONT_24OV
quartus_fit --read_settings_files=off --write_settings_files=off CONT_24OV -c CONT_24OV
quartus_asm --read_settings_files=off --write_settings_files=off CONT_24OV -c CONT_24OV
quartus_sta CONT_24OV -c CONT_24OV
quartus_eda --gen_testbench --tool=modelsim_oem --format=vhdl --write_settings_files=off CONT_24OV -c CONT_24OV --vector_source=C:/Users/abdyv/OneDrive/Documentos/QUARTUS/LogicaComputacional/CONT_24OV/CONT_24OV.vwf --testbench_file=C:/Users/abdyv/OneDrive/Documentos/QUARTUS/LogicaComputacional/CONT_24OV/simulation/qsim/CONT_24OV.vwf.vht
quartus_eda --write_settings_files=off --simulation=on --functional=on --flatten_buses=off --tool=modelsim_oem --format=vhdl --output_directory=C:/Users/abdyv/OneDrive/Documentos/QUARTUS/LogicaComputacional/CONT_24OV/simulation/qsim/ CONT_24OV -c CONT_24OV
quartus_eda --gen_testbench --tool=modelsim_oem --format=vhdl --write_settings_files=off CONT_24OV -c CONT_24OV --vector_source=C:/Users/abdyv/OneDrive/Documentos/QUARTUS/LogicaComputacional/CONT_24OV/CONT_24OV.vwf --testbench_file=C:/Users/abdyv/OneDrive/Documentos/QUARTUS/LogicaComputacional/CONT_24OV/simulation/qsim/CONT_24OV.vwf.vht
quartus_eda --write_settings_files=off --simulation=on --functional=on --flatten_buses=off --tool=modelsim_oem --format=vhdl --output_directory=C:/Users/abdyv/OneDrive/Documentos/QUARTUS/LogicaComputacional/CONT_24OV/simulation/qsim/ CONT_24OV -c CONT_24OV
quartus_eda --gen_testbench --tool=modelsim_oem --format=vhdl --write_settings_files=off CONT_24OV -c CONT_24OV --vector_source="C:/Users/abdyv/OneDrive - Instituto Tecnologico y de Estudios Superiores de Monterrey/Documents/QUARTUS/LogicaComputacional/CONT_24OV/CONT_24OV.vwf" --testbench_file="C:/Users/abdyv/OneDrive - Instituto Tecnologico y de Estudios Superiores de Monterrey/Documents/QUARTUS/LogicaComputacional/CONT_24OV/simulation/qsim/CONT_24OV.vwf.vht"
quartus_eda --write_settings_files=off --simulation=on --functional=on --flatten_buses=off --tool=modelsim_oem --format=vhdl --output_directory="C:/Users/abdyv/OneDrive - Instituto Tecnologico y de Estudios Superiores de Monterrey/Documents/QUARTUS/LogicaComputacional/CONT_24OV/simulation/qsim/" CONT_24OV -c CONT_24OV



