Analysis & Synthesis report for SEMAFORO_DE10
Tue May 28 18:42:11 2024
Quartus Prime Version 18.1.0 Build 625 09/12/2018 SJ Lite Edition


---------------------
; Table of Contents ;
---------------------
  1. Legal Notice
  2. Analysis & Synthesis Summary
  3. Analysis & Synthesis Settings
  4. Parallel Compilation
  5. Analysis & Synthesis Source Files Read
  6. Analysis & Synthesis Resource Usage Summary
  7. Analysis & Synthesis Resource Utilization by Entity
  8. State Machine - |SEMAFORO_DE10|MA_EST:I3|edo
  9. General Register Statistics
 10. Port Connectivity Checks: "MA_EST:I3"
 11. Port Connectivity Checks: "CONT_5BITS:I1|MAS1:I0|ha:I0"
 12. Port Connectivity Checks: "CONT_24OV:I0|MAS1_24BITS:I0|ha:I0"
 13. Post-Synthesis Netlist Statistics for Top Partition
 14. Elapsed Time Per Partition
 15. Analysis & Synthesis Messages



----------------
; Legal Notice ;
----------------
Copyright (C) 2018  Intel Corporation. All rights reserved.
Your use of Intel Corporation's design tools, logic functions 
and other software and tools, and its AMPP partner logic 
functions, and any output files from any of the foregoing 
(including device programming or simulation files), and any 
associated documentation or information are expressly subject 
to the terms and conditions of the Intel Program License 
Subscription Agreement, the Intel Quartus Prime License Agreement,
the Intel FPGA IP License Agreement, or other applicable license
agreement, including, without limitation, that your use is for
the sole purpose of programming logic devices manufactured by
Intel and sold by Intel or its authorized distributors.  Please
refer to the applicable agreement for further details.



+----------------------------------------------------------------------------------+
; Analysis & Synthesis Summary                                                     ;
+------------------------------------+---------------------------------------------+
; Analysis & Synthesis Status        ; Successful - Tue May 28 18:42:11 2024       ;
; Quartus Prime Version              ; 18.1.0 Build 625 09/12/2018 SJ Lite Edition ;
; Revision Name                      ; SEMAFORO_DE10                               ;
; Top-level Entity Name              ; SEMAFORO_DE10                               ;
; Family                             ; MAX 10                                      ;
; Total logic elements               ; 85                                          ;
;     Total combinational functions  ; 85                                          ;
;     Dedicated logic registers      ; 38                                          ;
; Total registers                    ; 38                                          ;
; Total pins                         ; 21                                          ;
; Total virtual pins                 ; 0                                           ;
; Total memory bits                  ; 0                                           ;
; Embedded Multiplier 9-bit elements ; 0                                           ;
; Total PLLs                         ; 0                                           ;
; UFM blocks                         ; 0                                           ;
; ADC blocks                         ; 0                                           ;
+------------------------------------+---------------------------------------------+


+------------------------------------------------------------------------------------------------------------+
; Analysis & Synthesis Settings                                                                              ;
+------------------------------------------------------------------+--------------------+--------------------+
; Option                                                           ; Setting            ; Default Value      ;
+------------------------------------------------------------------+--------------------+--------------------+
; Device                                                           ; 10M50DAF484C7G     ;                    ;
; Top-level entity name                                            ; SEMAFORO_DE10      ; SEMAFORO_DE10      ;
; Family name                                                      ; MAX 10             ; Cyclone V          ;
; Use smart compilation                                            ; Off                ; Off                ;
; Enable parallel Assembler and Timing Analyzer during compilation ; On                 ; On                 ;
; Enable compact report table                                      ; Off                ; Off                ;
; Restructure Multiplexers                                         ; Auto               ; Auto               ;
; Create Debugging Nodes for IP Cores                              ; Off                ; Off                ;
; Preserve fewer node names                                        ; On                 ; On                 ;
; Intel FPGA IP Evaluation Mode                                    ; Enable             ; Enable             ;
; Verilog Version                                                  ; Verilog_2001       ; Verilog_2001       ;
; VHDL Version                                                     ; VHDL_1993          ; VHDL_1993          ;
; State Machine Processing                                         ; Auto               ; Auto               ;
; Safe State Machine                                               ; Off                ; Off                ;
; Extract Verilog State Machines                                   ; On                 ; On                 ;
; Extract VHDL State Machines                                      ; On                 ; On                 ;
; Ignore Verilog initial constructs                                ; Off                ; Off                ;
; Iteration limit for constant Verilog loops                       ; 5000               ; 5000               ;
; Iteration limit for non-constant Verilog loops                   ; 250                ; 250                ;
; Add Pass-Through Logic to Inferred RAMs                          ; On                 ; On                 ;
; Infer RAMs from Raw Logic                                        ; On                 ; On                 ;
; Parallel Synthesis                                               ; On                 ; On                 ;
; DSP Block Balancing                                              ; Auto               ; Auto               ;
; NOT Gate Push-Back                                               ; On                 ; On                 ;
; Power-Up Don't Care                                              ; On                 ; On                 ;
; Remove Redundant Logic Cells                                     ; Off                ; Off                ;
; Remove Duplicate Registers                                       ; On                 ; On                 ;
; Ignore CARRY Buffers                                             ; Off                ; Off                ;
; Ignore CASCADE Buffers                                           ; Off                ; Off                ;
; Ignore GLOBAL Buffers                                            ; Off                ; Off                ;
; Ignore ROW GLOBAL Buffers                                        ; Off                ; Off                ;
; Ignore LCELL Buffers                                             ; Off                ; Off                ;
; Ignore SOFT Buffers                                              ; On                 ; On                 ;
; Limit AHDL Integers to 32 Bits                                   ; Off                ; Off                ;
; Optimization Technique                                           ; Balanced           ; Balanced           ;
; Carry Chain Length                                               ; 70                 ; 70                 ;
; Auto Carry Chains                                                ; On                 ; On                 ;
; Auto Open-Drain Pins                                             ; On                 ; On                 ;
; Perform WYSIWYG Primitive Resynthesis                            ; Off                ; Off                ;
; Auto ROM Replacement                                             ; On                 ; On                 ;
; Auto RAM Replacement                                             ; On                 ; On                 ;
; Auto DSP Block Replacement                                       ; On                 ; On                 ;
; Auto Shift Register Replacement                                  ; Auto               ; Auto               ;
; Allow Shift Register Merging across Hierarchies                  ; Auto               ; Auto               ;
; Auto Clock Enable Replacement                                    ; On                 ; On                 ;
; Strict RAM Replacement                                           ; Off                ; Off                ;
; Allow Synchronous Control Signals                                ; On                 ; On                 ;
; Force Use of Synchronous Clear Signals                           ; Off                ; Off                ;
; Auto RAM Block Balancing                                         ; On                 ; On                 ;
; Auto RAM to Logic Cell Conversion                                ; Off                ; Off                ;
; Auto Resource Sharing                                            ; Off                ; Off                ;
; Allow Any RAM Size For Recognition                               ; Off                ; Off                ;
; Allow Any ROM Size For Recognition                               ; Off                ; Off                ;
; Allow Any Shift Register Size For Recognition                    ; Off                ; Off                ;
; Use LogicLock Constraints during Resource Balancing              ; On                 ; On                 ;
; Ignore translate_off and synthesis_off directives                ; Off                ; Off                ;
; Timing-Driven Synthesis                                          ; On                 ; On                 ;
; Report Parameter Settings                                        ; On                 ; On                 ;
; Report Source Assignments                                        ; On                 ; On                 ;
; Report Connectivity Checks                                       ; On                 ; On                 ;
; Ignore Maximum Fan-Out Assignments                               ; Off                ; Off                ;
; Synchronization Register Chain Length                            ; 2                  ; 2                  ;
; Power Optimization During Synthesis                              ; Normal compilation ; Normal compilation ;
; HDL message level                                                ; Level2             ; Level2             ;
; Suppress Register Optimization Related Messages                  ; Off                ; Off                ;
; Number of Removed Registers Reported in Synthesis Report         ; 5000               ; 5000               ;
; Number of Swept Nodes Reported in Synthesis Report               ; 5000               ; 5000               ;
; Number of Inverted Registers Reported in Synthesis Report        ; 100                ; 100                ;
; Clock MUX Protection                                             ; On                 ; On                 ;
; Auto Gated Clock Conversion                                      ; Off                ; Off                ;
; Block Design Naming                                              ; Auto               ; Auto               ;
; SDC constraint protection                                        ; Off                ; Off                ;
; Synthesis Effort                                                 ; Auto               ; Auto               ;
; Shift Register Replacement - Allow Asynchronous Clear Signal     ; On                 ; On                 ;
; Pre-Mapping Resynthesis Optimization                             ; Off                ; Off                ;
; Analysis & Synthesis Message Level                               ; Medium             ; Medium             ;
; Disable Register Merging Across Hierarchies                      ; Auto               ; Auto               ;
; Resource Aware Inference For Block RAM                           ; On                 ; On                 ;
+------------------------------------------------------------------+--------------------+--------------------+


+------------------------------------------+
; Parallel Compilation                     ;
+----------------------------+-------------+
; Processors                 ; Number      ;
+----------------------------+-------------+
; Number detected on machine ; 12          ;
; Maximum allowed            ; 6           ;
;                            ;             ;
; Average used               ; 1.00        ;
; Maximum used               ; 6           ;
;                            ;             ;
; Usage by Processor         ; % Time Used ;
;     Processor 1            ; 100.0%      ;
;     Processors 2-6         ;   0.0%      ;
+----------------------------+-------------+


+-----------------------------------------------------------------------------------------------------------------------------------------------------------------------------------------------------------------------------------------------+
; Analysis & Synthesis Source Files Read                                                                                                                                                                                                        ;
+----------------------------------+-----------------+-----------------+--------------------------------------------------------------------------------------------------------------------------------------------------------------+---------+
; File Name with User-Entered Path ; Used in Netlist ; File Type       ; File Name with Absolute Path                                                                                                                                 ; Library ;
+----------------------------------+-----------------+-----------------+--------------------------------------------------------------------------------------------------------------------------------------------------------------+---------+
; ../MAS1/MAS1.vhd                 ; yes             ; User VHDL File  ; C:/Users/abdyv/OneDrive - Instituto Tecnologico y de Estudios Superiores de Monterrey/Documents/QUARTUS/LogicaComputacional/MAS1/MAS1.vhd                    ;         ;
; ../MAS1_24BITS/MAS1_24BITS.vhd   ; yes             ; User VHDL File  ; C:/Users/abdyv/OneDrive - Instituto Tecnologico y de Estudios Superiores de Monterrey/Documents/QUARTUS/LogicaComputacional/MAS1_24BITS/MAS1_24BITS.vhd      ;         ;
; ../CONT_5BITS/CONT_5BITS.vhd     ; yes             ; User VHDL File  ; C:/Users/abdyv/OneDrive - Instituto Tecnologico y de Estudios Superiores de Monterrey/Documents/QUARTUS/LogicaComputacional/CONT_5BITS/CONT_5BITS.vhd        ;         ;
; ../CONT_24OV/CONT_24OV.vhd       ; yes             ; User VHDL File  ; C:/Users/abdyv/OneDrive - Instituto Tecnologico y de Estudios Superiores de Monterrey/Documents/QUARTUS/LogicaComputacional/CONT_24OV/CONT_24OV.vhd          ;         ;
; ../MUX_SEM/MUX_SEM.vhd           ; yes             ; User VHDL File  ; C:/Users/abdyv/OneDrive - Instituto Tecnologico y de Estudios Superiores de Monterrey/Documents/QUARTUS/LogicaComputacional/MUX_SEM/MUX_SEM.vhd              ;         ;
; ../MA_EST/MA_EST.vhd             ; yes             ; User VHDL File  ; C:/Users/abdyv/OneDrive - Instituto Tecnologico y de Estudios Superiores de Monterrey/Documents/QUARTUS/LogicaComputacional/MA_EST/MA_EST.vhd                ;         ;
; ../HA/HA.vhd                     ; yes             ; User VHDL File  ; C:/Users/abdyv/OneDrive - Instituto Tecnologico y de Estudios Superiores de Monterrey/Documents/QUARTUS/LogicaComputacional/HA/HA.vhd                        ;         ;
; SEMAFORO_DE10.vhd                ; yes             ; User VHDL File  ; C:/Users/abdyv/OneDrive - Instituto Tecnologico y de Estudios Superiores de Monterrey/Documents/QUARTUS/LogicaComputacional/SEMAFORO_DE10L/SEMAFORO_DE10.vhd ;         ;
+----------------------------------+-----------------+-----------------+--------------------------------------------------------------------------------------------------------------------------------------------------------------+---------+


+---------------------------------------------------------+
; Analysis & Synthesis Resource Usage Summary             ;
+---------------------------------------------+-----------+
; Resource                                    ; Usage     ;
+---------------------------------------------+-----------+
; Estimated Total logic elements              ; 85        ;
;                                             ;           ;
; Total combinational functions               ; 85        ;
; Logic element usage by number of LUT inputs ;           ;
;     -- 4 input functions                    ; 46        ;
;     -- 3 input functions                    ; 23        ;
;     -- <=2 input functions                  ; 16        ;
;                                             ;           ;
; Logic elements by mode                      ;           ;
;     -- normal mode                          ; 85        ;
;     -- arithmetic mode                      ; 0         ;
;                                             ;           ;
; Total registers                             ; 38        ;
;     -- Dedicated logic registers            ; 38        ;
;     -- I/O registers                        ; 0         ;
;                                             ;           ;
; I/O pins                                    ; 21        ;
;                                             ;           ;
; Embedded Multiplier 9-bit elements          ; 0         ;
;                                             ;           ;
; Maximum fan-out node                        ; CLK~input ;
; Maximum fan-out                             ; 38        ;
; Total fan-out                               ; 431       ;
; Average fan-out                             ; 2.61      ;
+---------------------------------------------+-----------+


+--------------------------------------------------------------------------------------------------------------------------------------------------------------------------------------------------------------------------------------------------------------------+
; Analysis & Synthesis Resource Utilization by Entity                                                                                                                                                                                                                ;
+----------------------------+---------------------+---------------------------+-------------+------------+--------------+---------+-----------+------+--------------+------------+---------------------------------------------------+---------------+--------------+
; Compilation Hierarchy Node ; Combinational ALUTs ; Dedicated Logic Registers ; Memory Bits ; UFM Blocks ; DSP Elements ; DSP 9x9 ; DSP 18x18 ; Pins ; Virtual Pins ; ADC blocks ; Full Hierarchy Name                               ; Entity Name   ; Library Name ;
+----------------------------+---------------------+---------------------------+-------------+------------+--------------+---------+-----------+------+--------------+------------+---------------------------------------------------+---------------+--------------+
; |SEMAFORO_DE10             ; 85 (0)              ; 38 (0)                    ; 0           ; 0          ; 0            ; 0       ; 0         ; 21   ; 0            ; 0          ; |SEMAFORO_DE10                                    ; SEMAFORO_DE10 ; work         ;
;    |CONT_24OV:I0|          ; 35 (27)             ; 25 (25)                   ; 0           ; 0          ; 0            ; 0       ; 0         ; 0    ; 0            ; 0          ; |SEMAFORO_DE10|CONT_24OV:I0                       ; CONT_24OV     ; work         ;
;       |MAS1_24BITS:I0|     ; 8 (0)               ; 0 (0)                     ; 0           ; 0          ; 0            ; 0       ; 0         ; 0    ; 0            ; 0          ; |SEMAFORO_DE10|CONT_24OV:I0|MAS1_24BITS:I0        ; MAS1_24BITS   ; work         ;
;          |ha:I12|          ; 1 (1)               ; 0 (0)                     ; 0           ; 0          ; 0            ; 0       ; 0         ; 0    ; 0            ; 0          ; |SEMAFORO_DE10|CONT_24OV:I0|MAS1_24BITS:I0|ha:I12 ; ha            ; work         ;
;          |ha:I15|          ; 1 (1)               ; 0 (0)                     ; 0           ; 0          ; 0            ; 0       ; 0         ; 0    ; 0            ; 0          ; |SEMAFORO_DE10|CONT_24OV:I0|MAS1_24BITS:I0|ha:I15 ; ha            ; work         ;
;          |ha:I18|          ; 1 (1)               ; 0 (0)                     ; 0           ; 0          ; 0            ; 0       ; 0         ; 0    ; 0            ; 0          ; |SEMAFORO_DE10|CONT_24OV:I0|MAS1_24BITS:I0|ha:I18 ; ha            ; work         ;
;          |ha:I21|          ; 1 (1)               ; 0 (0)                     ; 0           ; 0          ; 0            ; 0       ; 0         ; 0    ; 0            ; 0          ; |SEMAFORO_DE10|CONT_24OV:I0|MAS1_24BITS:I0|ha:I21 ; ha            ; work         ;
;          |ha:I3|           ; 1 (1)               ; 0 (0)                     ; 0           ; 0          ; 0            ; 0       ; 0         ; 0    ; 0            ; 0          ; |SEMAFORO_DE10|CONT_24OV:I0|MAS1_24BITS:I0|ha:I3  ; ha            ; work         ;
;          |ha:I6|           ; 1 (1)               ; 0 (0)                     ; 0           ; 0          ; 0            ; 0       ; 0         ; 0    ; 0            ; 0          ; |SEMAFORO_DE10|CONT_24OV:I0|MAS1_24BITS:I0|ha:I6  ; ha            ; work         ;
;          |ha:I9|           ; 2 (2)               ; 0 (0)                     ; 0           ; 0          ; 0            ; 0       ; 0         ; 0    ; 0            ; 0          ; |SEMAFORO_DE10|CONT_24OV:I0|MAS1_24BITS:I0|ha:I9  ; ha            ; work         ;
;    |CONT_5BITS:I1|         ; 6 (6)               ; 5 (5)                     ; 0           ; 0          ; 0            ; 0       ; 0         ; 0    ; 0            ; 0          ; |SEMAFORO_DE10|CONT_5BITS:I1                      ; CONT_5BITS    ; work         ;
;    |MA_EST:I3|             ; 41 (41)             ; 8 (8)                     ; 0           ; 0          ; 0            ; 0       ; 0         ; 0    ; 0            ; 0          ; |SEMAFORO_DE10|MA_EST:I3                          ; MA_EST        ; work         ;
;    |MUX_SEM:I2|            ; 3 (3)               ; 0 (0)                     ; 0           ; 0          ; 0            ; 0       ; 0         ; 0    ; 0            ; 0          ; |SEMAFORO_DE10|MUX_SEM:I2                         ; MUX_SEM       ; work         ;
+----------------------------+---------------------+---------------------------+-------------+------------+--------------+---------+-----------+------+--------------+------------+---------------------------------------------------+---------------+--------------+
Note: For table entries with two numbers listed, the numbers in parentheses indicate the number of resources of the given type used by the specific entity alone. The numbers listed outside of parentheses indicate the total resources of the given type used by the specific entity and all of its sub-entities in the hierarchy.


Encoding Type:  One-Hot
+-----------------------------------------------------------------------+
; State Machine - |SEMAFORO_DE10|MA_EST:I3|edo                          ;
+--------+--------+--------+--------+--------+--------+--------+--------+
; Name   ; edo.s6 ; edo.s5 ; edo.s4 ; edo.s3 ; edo.s2 ; edo.s1 ; edo.s0 ;
+--------+--------+--------+--------+--------+--------+--------+--------+
; edo.s0 ; 0      ; 0      ; 0      ; 0      ; 0      ; 0      ; 0      ;
; edo.s1 ; 0      ; 0      ; 0      ; 0      ; 0      ; 1      ; 1      ;
; edo.s2 ; 0      ; 0      ; 0      ; 0      ; 1      ; 0      ; 1      ;
; edo.s3 ; 0      ; 0      ; 0      ; 1      ; 0      ; 0      ; 1      ;
; edo.s4 ; 0      ; 0      ; 1      ; 0      ; 0      ; 0      ; 1      ;
; edo.s5 ; 0      ; 1      ; 0      ; 0      ; 0      ; 0      ; 1      ;
; edo.s6 ; 1      ; 0      ; 0      ; 0      ; 0      ; 0      ; 1      ;
+--------+--------+--------+--------+--------+--------+--------+--------+


+------------------------------------------------------+
; General Register Statistics                          ;
+----------------------------------------------+-------+
; Statistic                                    ; Value ;
+----------------------------------------------+-------+
; Total registers                              ; 38    ;
; Number of registers using Synchronous Clear  ; 0     ;
; Number of registers using Synchronous Load   ; 0     ;
; Number of registers using Asynchronous Clear ; 36    ;
; Number of registers using Asynchronous Load  ; 0     ;
; Number of registers using Clock Enable       ; 0     ;
; Number of registers using Preset             ; 0     ;
+----------------------------------------------+-------+


+-------------------------------------------------------------------------------------------------------------------------------------+
; Port Connectivity Checks: "MA_EST:I3"                                                                                               ;
+------+--------+----------+----------------------------------------------------------------------------------------------------------+
; Port ; Type   ; Severity ; Details                                                                                                  ;
+------+--------+----------+----------------------------------------------------------------------------------------------------------+
; est  ; Output ; Warning  ; Declared by entity but not connected by instance. Logic that only feeds a dangling port will be removed. ;
+------+--------+----------+----------------------------------------------------------------------------------------------------------+


+---------------------------------------------------------+
; Port Connectivity Checks: "CONT_5BITS:I1|MAS1:I0|ha:I0" ;
+------+-------+----------+-------------------------------+
; Port ; Type  ; Severity ; Details                       ;
+------+-------+----------+-------------------------------+
; b    ; Input ; Info     ; Stuck at VCC                  ;
+------+-------+----------+-------------------------------+


+---------------------------------------------------------------+
; Port Connectivity Checks: "CONT_24OV:I0|MAS1_24BITS:I0|ha:I0" ;
+------+-------+----------+-------------------------------------+
; Port ; Type  ; Severity ; Details                             ;
+------+-------+----------+-------------------------------------+
; b    ; Input ; Info     ; Stuck at VCC                        ;
+------+-------+----------+-------------------------------------+


+-----------------------------------------------------+
; Post-Synthesis Netlist Statistics for Top Partition ;
+-----------------------+-----------------------------+
; Type                  ; Count                       ;
+-----------------------+-----------------------------+
; boundary_port         ; 21                          ;
; cycloneiii_ff         ; 38                          ;
;     CLR               ; 36                          ;
;     plain             ; 2                           ;
; cycloneiii_lcell_comb ; 85                          ;
;     normal            ; 85                          ;
;         1 data inputs ; 1                           ;
;         2 data inputs ; 15                          ;
;         3 data inputs ; 23                          ;
;         4 data inputs ; 46                          ;
;                       ;                             ;
; Max LUT depth         ; 8.00                        ;
; Average LUT depth     ; 3.86                        ;
+-----------------------+-----------------------------+


+-------------------------------+
; Elapsed Time Per Partition    ;
+----------------+--------------+
; Partition Name ; Elapsed Time ;
+----------------+--------------+
; Top            ; 00:00:00     ;
+----------------+--------------+


+-------------------------------+
; Analysis & Synthesis Messages ;
+-------------------------------+
Info: *******************************************************************
Info: Running Quartus Prime Analysis & Synthesis
    Info: Version 18.1.0 Build 625 09/12/2018 SJ Lite Edition
    Info: Processing started: Tue May 28 18:41:54 2024
Info: Command: quartus_map --read_settings_files=on --write_settings_files=off SEMAFORO_DE10 -c SEMAFORO_DE10
Warning (18236): Number of processors has not been specified which may cause overloading on shared machines.  Set the global assignment NUM_PARALLEL_PROCESSORS in your QSF to an appropriate value for best performance.
Info (20030): Parallel compilation is enabled and will use 6 of the 6 processors detected
Info (12021): Found 2 design units, including 1 entities, in source file /users/abdyv/onedrive - instituto tecnologico y de estudios superiores de monterrey/documents/quartus/logicacomputacional/mas1/mas1.vhd
    Info (12022): Found design unit 1: MAS1-arc File: C:/Users/abdyv/OneDrive - Instituto Tecnologico y de Estudios Superiores de Monterrey/Documents/QUARTUS/LogicaComputacional/MAS1/MAS1.vhd Line: 12
    Info (12023): Found entity 1: MAS1 File: C:/Users/abdyv/OneDrive - Instituto Tecnologico y de Estudios Superiores de Monterrey/Documents/QUARTUS/LogicaComputacional/MAS1/MAS1.vhd Line: 7
Info (12021): Found 2 design units, including 1 entities, in source file /users/abdyv/onedrive - instituto tecnologico y de estudios superiores de monterrey/documents/quartus/logicacomputacional/mas1_24bits/mas1_24bits.vhd
    Info (12022): Found design unit 1: MAS1_24BITS-arc File: C:/Users/abdyv/OneDrive - Instituto Tecnologico y de Estudios Superiores de Monterrey/Documents/QUARTUS/LogicaComputacional/MAS1_24BITS/MAS1_24BITS.vhd Line: 15
    Info (12023): Found entity 1: MAS1_24BITS File: C:/Users/abdyv/OneDrive - Instituto Tecnologico y de Estudios Superiores de Monterrey/Documents/QUARTUS/LogicaComputacional/MAS1_24BITS/MAS1_24BITS.vhd Line: 7
Info (12021): Found 2 design units, including 1 entities, in source file /users/abdyv/onedrive - instituto tecnologico y de estudios superiores de monterrey/documents/quartus/logicacomputacional/cont_5bits/cont_5bits.vhd
    Info (12022): Found design unit 1: ConT_5BITS-arc File: C:/Users/abdyv/OneDrive - Instituto Tecnologico y de Estudios Superiores de Monterrey/Documents/QUARTUS/LogicaComputacional/CONT_5BITS/CONT_5BITS.vhd Line: 13
    Info (12023): Found entity 1: CONT_5BITS File: C:/Users/abdyv/OneDrive - Instituto Tecnologico y de Estudios Superiores de Monterrey/Documents/QUARTUS/LogicaComputacional/CONT_5BITS/CONT_5BITS.vhd Line: 7
Info (12021): Found 2 design units, including 1 entities, in source file /users/abdyv/onedrive - instituto tecnologico y de estudios superiores de monterrey/documents/quartus/logicacomputacional/cont_24ov/cont_24ov.vhd
    Info (12022): Found design unit 1: CONT_24OV-arc File: C:/Users/abdyv/OneDrive - Instituto Tecnologico y de Estudios Superiores de Monterrey/Documents/QUARTUS/LogicaComputacional/CONT_24OV/CONT_24OV.vhd Line: 61
    Info (12023): Found entity 1: CONT_24OV File: C:/Users/abdyv/OneDrive - Instituto Tecnologico y de Estudios Superiores de Monterrey/Documents/QUARTUS/LogicaComputacional/CONT_24OV/CONT_24OV.vhd Line: 56
Info (12021): Found 2 design units, including 1 entities, in source file /users/abdyv/onedrive - instituto tecnologico y de estudios superiores de monterrey/documents/quartus/logicacomputacional/mux_sem/mux_sem.vhd
    Info (12022): Found design unit 1: MUX_SEM-arc File: C:/Users/abdyv/OneDrive - Instituto Tecnologico y de Estudios Superiores de Monterrey/Documents/QUARTUS/LogicaComputacional/MUX_SEM/MUX_SEM.vhd Line: 10
    Info (12023): Found entity 1: MUX_SEM File: C:/Users/abdyv/OneDrive - Instituto Tecnologico y de Estudios Superiores de Monterrey/Documents/QUARTUS/LogicaComputacional/MUX_SEM/MUX_SEM.vhd Line: 6
Info (12021): Found 2 design units, including 1 entities, in source file /users/abdyv/onedrive - instituto tecnologico y de estudios superiores de monterrey/documents/quartus/logicacomputacional/ma_est/ma_est.vhd
    Info (12022): Found design unit 1: MA_EST-arc File: C:/Users/abdyv/OneDrive - Instituto Tecnologico y de Estudios Superiores de Monterrey/Documents/QUARTUS/LogicaComputacional/MA_EST/MA_EST.vhd Line: 16
    Info (12023): Found entity 1: MA_EST File: C:/Users/abdyv/OneDrive - Instituto Tecnologico y de Estudios Superiores de Monterrey/Documents/QUARTUS/LogicaComputacional/MA_EST/MA_EST.vhd Line: 7
Info (12021): Found 2 design units, including 1 entities, in source file /users/abdyv/onedrive - instituto tecnologico y de estudios superiores de monterrey/documents/quartus/logicacomputacional/semaforo/semaforo.vhd
    Info (12022): Found design unit 1: semaforo-rtl File: C:/Users/abdyv/OneDrive - Instituto Tecnologico y de Estudios Superiores de Monterrey/Documents/QUARTUS/LogicaComputacional/SEMAFORO/SEMAFORO.vhd Line: 16
    Info (12023): Found entity 1: semaforo File: C:/Users/abdyv/OneDrive - Instituto Tecnologico y de Estudios Superiores de Monterrey/Documents/QUARTUS/LogicaComputacional/SEMAFORO/SEMAFORO.vhd Line: 7
Info (12021): Found 2 design units, including 1 entities, in source file /users/abdyv/onedrive - instituto tecnologico y de estudios superiores de monterrey/documents/quartus/logicacomputacional/ha/ha.vhd
    Info (12022): Found design unit 1: ha-arc File: C:/Users/abdyv/OneDrive - Instituto Tecnologico y de Estudios Superiores de Monterrey/Documents/QUARTUS/LogicaComputacional/HA/HA.vhd Line: 17
    Info (12023): Found entity 1: ha File: C:/Users/abdyv/OneDrive - Instituto Tecnologico y de Estudios Superiores de Monterrey/Documents/QUARTUS/LogicaComputacional/HA/HA.vhd Line: 10
Info (12021): Found 2 design units, including 1 entities, in source file semaforo_de10.vhd
    Info (12022): Found design unit 1: SEMAFORO_DE10-arc File: C:/Users/abdyv/OneDrive - Instituto Tecnologico y de Estudios Superiores de Monterrey/Documents/QUARTUS/LogicaComputacional/SEMAFORO_DE10L/SEMAFORO_DE10.vhd Line: 66
    Info (12023): Found entity 1: SEMAFORO_DE10 File: C:/Users/abdyv/OneDrive - Instituto Tecnologico y de Estudios Superiores de Monterrey/Documents/QUARTUS/LogicaComputacional/SEMAFORO_DE10L/SEMAFORO_DE10.vhd Line: 58
Info (12127): Elaborating entity "SEMAFORO_DE10" for the top level hierarchy
Info (12128): Elaborating entity "CONT_24OV" for hierarchy "CONT_24OV:I0" File: C:/Users/abdyv/OneDrive - Instituto Tecnologico y de Estudios Superiores de Monterrey/Documents/QUARTUS/LogicaComputacional/SEMAFORO_DE10L/SEMAFORO_DE10.vhd Line: 100
Info (12128): Elaborating entity "MAS1_24BITS" for hierarchy "CONT_24OV:I0|MAS1_24BITS:I0" File: C:/Users/abdyv/OneDrive - Instituto Tecnologico y de Estudios Superiores de Monterrey/Documents/QUARTUS/LogicaComputacional/CONT_24OV/CONT_24OV.vhd Line: 75
Info (12128): Elaborating entity "ha" for hierarchy "CONT_24OV:I0|MAS1_24BITS:I0|ha:I0" File: C:/Users/abdyv/OneDrive - Instituto Tecnologico y de Estudios Superiores de Monterrey/Documents/QUARTUS/LogicaComputacional/MAS1_24BITS/MAS1_24BITS.vhd Line: 28
Info (12128): Elaborating entity "CONT_5BITS" for hierarchy "CONT_5BITS:I1" File: C:/Users/abdyv/OneDrive - Instituto Tecnologico y de Estudios Superiores de Monterrey/Documents/QUARTUS/LogicaComputacional/SEMAFORO_DE10L/SEMAFORO_DE10.vhd Line: 101
Warning (10492): VHDL Process Statement warning at CONT_5BITS.vhd(30): signal "ENA" is read inside the Process Statement but isn't in the Process Statement's sensitivity list File: C:/Users/abdyv/OneDrive - Instituto Tecnologico y de Estudios Superiores de Monterrey/Documents/QUARTUS/LogicaComputacional/CONT_5BITS/CONT_5BITS.vhd Line: 30
Info (12128): Elaborating entity "MAS1" for hierarchy "CONT_5BITS:I1|MAS1:I0" File: C:/Users/abdyv/OneDrive - Instituto Tecnologico y de Estudios Superiores de Monterrey/Documents/QUARTUS/LogicaComputacional/CONT_5BITS/CONT_5BITS.vhd Line: 24
Info (12128): Elaborating entity "MUX_SEM" for hierarchy "MUX_SEM:I2" File: C:/Users/abdyv/OneDrive - Instituto Tecnologico y de Estudios Superiores de Monterrey/Documents/QUARTUS/LogicaComputacional/SEMAFORO_DE10L/SEMAFORO_DE10.vhd Line: 102
Info (12128): Elaborating entity "MA_EST" for hierarchy "MA_EST:I3" File: C:/Users/abdyv/OneDrive - Instituto Tecnologico y de Estudios Superiores de Monterrey/Documents/QUARTUS/LogicaComputacional/SEMAFORO_DE10L/SEMAFORO_DE10.vhd Line: 103
Warning (10492): VHDL Process Statement warning at MA_EST.vhd(28): signal "noct" is read inside the Process Statement but isn't in the Process Statement's sensitivity list File: C:/Users/abdyv/OneDrive - Instituto Tecnologico y de Estudios Superiores de Monterrey/Documents/QUARTUS/LogicaComputacional/MA_EST/MA_EST.vhd Line: 28
Warning (10492): VHDL Process Statement warning at MA_EST.vhd(84): signal "Noche" is read inside the Process Statement but isn't in the Process Statement's sensitivity list File: C:/Users/abdyv/OneDrive - Instituto Tecnologico y de Estudios Superiores de Monterrey/Documents/QUARTUS/LogicaComputacional/MA_EST/MA_EST.vhd Line: 84
Warning (10631): VHDL Process Statement warning at MA_EST.vhd(81): inferring latch(es) for signal or variable "est", which holds its previous value in one or more paths through the process File: C:/Users/abdyv/OneDrive - Instituto Tecnologico y de Estudios Superiores de Monterrey/Documents/QUARTUS/LogicaComputacional/MA_EST/MA_EST.vhd Line: 81
Info (10041): Inferred latch for "est[0]" at MA_EST.vhd(81) File: C:/Users/abdyv/OneDrive - Instituto Tecnologico y de Estudios Superiores de Monterrey/Documents/QUARTUS/LogicaComputacional/MA_EST/MA_EST.vhd Line: 81
Info (10041): Inferred latch for "est[1]" at MA_EST.vhd(81) File: C:/Users/abdyv/OneDrive - Instituto Tecnologico y de Estudios Superiores de Monterrey/Documents/QUARTUS/LogicaComputacional/MA_EST/MA_EST.vhd Line: 81
Info (10041): Inferred latch for "est[2]" at MA_EST.vhd(81) File: C:/Users/abdyv/OneDrive - Instituto Tecnologico y de Estudios Superiores de Monterrey/Documents/QUARTUS/LogicaComputacional/MA_EST/MA_EST.vhd Line: 81
Warning (12241): 1 hierarchies have connectivity warnings - see the Connectivity Checks report folder
Info (286030): Timing-Driven Synthesis is running
Info (16010): Generating hard_block partition "hard_block:auto_generated_inst"
    Info (16011): Adding 0 node(s), including 0 DDIO, 0 PLL, 0 transceiver and 0 LCELL
Info (21057): Implemented 106 device resources after synthesis - the final resource count might be different
    Info (21058): Implemented 7 input pins
    Info (21059): Implemented 14 output pins
    Info (21061): Implemented 85 logic cells
Info: Quartus Prime Analysis & Synthesis was successful. 0 errors, 6 warnings
    Info: Peak virtual memory: 4806 megabytes
    Info: Processing ended: Tue May 28 18:42:11 2024
    Info: Elapsed time: 00:00:17
    Info: Total CPU time (on all processors): 00:00:11


